<?xml version="1.0" encoding="UTF-8"?>
<!-- Generated by org.testng.reporters.JUnitXMLReporter -->
<testsuite hostname="DESKTOP-P0UDCEO" ignored="0" name="Default test" tests="12" failures="0" timestamp="01 Jun 2019 19:10:17 GMT" time="47.172" errors="0">
  <testcase name="@BeforeMethod setEnviroment" time="2.554" classname="Framework.TestNG.LoginTest">
    <failure type="org.openqa.selenium.NoSuchWindowException" message="no such window: target window already closed
from unknown error: web view not found
  (Session info: chrome=74.0.3729.169)
  (Driver info: chromedriver=74.0.3729.6 (255758eccf3d244491b8a1317aa76e1ce10d57e9-refs/branch-heads/3729@{#29}),platform=Windows NT 10.0.17134 x86_64) (WARNING: The server did not provide any stacktrace information)
Command duration or timeout: 0 milliseconds
Build info: version: &amp;apos;3.7.0&amp;apos;, revision: &amp;apos;2321c73&amp;apos;, time: &amp;apos;2017-11-02T22:22:35.584Z&amp;apos;
System info: host: &amp;apos;DESKTOP-P0UDCEO&amp;apos;, ip: &amp;apos;192.168.0.3&amp;apos;, os.name: &amp;apos;Windows 10&amp;apos;, os.arch: &amp;apos;amd64&amp;apos;, os.version: &amp;apos;10.0&amp;apos;, java.version: &amp;apos;1.8.0_201&amp;apos;
Driver info: org.openqa.selenium.chrome.ChromeDriver
Capabilities {acceptInsecureCerts: false, acceptSslCerts: false, applicationCacheEnabled: false, browserConnectionEnabled: false, browserName: chrome, chrome: {chromedriverVersion: 74.0.3729.6 (255758eccf3d24..., userDataDir: C:\Users\alisi\AppData\Loca...}, cssSelectorsEnabled: true, databaseEnabled: false, goog:chromeOptions: {debuggerAddress: localhost:51273}, handlesAlerts: true, hasTouchScreen: false, javascriptEnabled: true, locationContextEnabled: true, mobileEmulationEnabled: false, nativeEvents: true, networkConnectionEnabled: false, pageLoadStrategy: normal, platform: XP, platformName: XP, proxy: Proxy(), rotatable: false, setWindowRect: true, strictFileInteractability: false, takesHeapSnapshot: true, takesScreenshot: true, timeouts: {implicit: 0, pageLoad: 300000, script: 30000}, unexpectedAlertBehaviour: ignore, unhandledPromptBehavior: ignore, version: 74.0.3729.169, webStorageEnabled: true}
Session ID: 26bdd3138c2343775b24314abd9e02b7">
      <![CDATA[org.openqa.selenium.NoSuchWindowException: no such window: target window already closed
from unknown error: web view not found
  (Session info: chrome=74.0.3729.169)
  (Driver info: chromedriver=74.0.3729.6 (255758eccf3d244491b8a1317aa76e1ce10d57e9-refs/branch-heads/3729@{#29}),platform=Windows NT 10.0.17134 x86_64) (WARNING: The server did not provide any stacktrace information)
Command duration or timeout: 0 milliseconds
Build info: version: '3.7.0', revision: '2321c73', time: '2017-11-02T22:22:35.584Z'
System info: host: 'DESKTOP-P0UDCEO', ip: '192.168.0.3', os.name: 'Windows 10', os.arch: 'amd64', os.version: '10.0', java.version: '1.8.0_201'
Driver info: org.openqa.selenium.chrome.ChromeDriver
Capabilities {acceptInsecureCerts: false, acceptSslCerts: false, applicationCacheEnabled: false, browserConnectionEnabled: false, browserName: chrome, chrome: {chromedriverVersion: 74.0.3729.6 (255758eccf3d24..., userDataDir: C:\Users\alisi\AppData\Loca...}, cssSelectorsEnabled: true, databaseEnabled: false, goog:chromeOptions: {debuggerAddress: localhost:51273}, handlesAlerts: true, hasTouchScreen: false, javascriptEnabled: true, locationContextEnabled: true, mobileEmulationEnabled: false, nativeEvents: true, networkConnectionEnabled: false, pageLoadStrategy: normal, platform: XP, platformName: XP, proxy: Proxy(), rotatable: false, setWindowRect: true, strictFileInteractability: false, takesHeapSnapshot: true, takesScreenshot: true, timeouts: {implicit: 0, pageLoad: 300000, script: 30000}, unexpectedAlertBehaviour: ignore, unhandledPromptBehavior: ignore, version: 74.0.3729.169, webStorageEnabled: true}
Session ID: 26bdd3138c2343775b24314abd9e02b7
at sun.reflect.NativeConstructorAccessorImpl.newInstance0(Native Method)
at sun.reflect.NativeConstructorAccessorImpl.newInstance(Unknown Source)
at sun.reflect.DelegatingConstructorAccessorImpl.newInstance(Unknown Source)
at java.lang.reflect.Constructor.newInstance(Unknown Source)
at org.openqa.selenium.remote.ErrorHandler.createThrowable(ErrorHandler.java:214)
at org.openqa.selenium.remote.ErrorHandler.throwIfResponseFailed(ErrorHandler.java:166)
at org.openqa.selenium.remote.http.JsonHttpResponseCodec.reconstructValue(JsonHttpResponseCodec.java:40)
at org.openqa.selenium.remote.http.AbstractHttpResponseCodec.decode(AbstractHttpResponseCodec.java:80)
at org.openqa.selenium.remote.http.AbstractHttpResponseCodec.decode(AbstractHttpResponseCodec.java:44)
at org.openqa.selenium.remote.HttpCommandExecutor.execute(HttpCommandExecutor.java:164)
at org.openqa.selenium.remote.service.DriverCommandExecutor.execute(DriverCommandExecutor.java:83)
at org.openqa.selenium.remote.RemoteWebDriver.execute(RemoteWebDriver.java:600)
at org.openqa.selenium.remote.RemoteWebDriver.execute(RemoteWebDriver.java:657)
at org.openqa.selenium.remote.RemoteWebDriver$RemoteWebDriverOptions$RemoteWindow.maximize(RemoteWebDriver.java:891)
at Framework.TestNG.LoginTest.setEnviroment(LoginTest.java:19)
at sun.reflect.NativeMethodAccessorImpl.invoke0(Native Method)
at sun.reflect.NativeMethodAccessorImpl.invoke(Unknown Source)
at sun.reflect.DelegatingMethodAccessorImpl.invoke(Unknown Source)
at java.lang.reflect.Method.invoke(Unknown Source)
at org.testng.internal.MethodInvocationHelper.invokeMethod(MethodInvocationHelper.java:124)
at org.testng.internal.MethodInvocationHelper.invokeMethodConsideringTimeout(MethodInvocationHelper.java:59)
at org.testng.internal.Invoker.invokeConfigurationMethod(Invoker.java:458)
at org.testng.internal.Invoker.invokeConfigurations(Invoker.java:222)
at org.testng.internal.Invoker.invokeMethod(Invoker.java:523)
at org.testng.internal.Invoker.invokeTestMethod(Invoker.java:719)
at org.testng.internal.Invoker.invokeTestMethods(Invoker.java:989)
at org.testng.internal.TestMethodWorker.invokeTestMethods(TestMethodWorker.java:125)
at org.testng.internal.TestMethodWorker.run(TestMethodWorker.java:109)
at org.testng.TestRunner.privateRun(TestRunner.java:648)
at org.testng.TestRunner.run(TestRunner.java:505)
at org.testng.SuiteRunner.runTest(SuiteRunner.java:455)
at org.testng.SuiteRunner.runSequentially(SuiteRunner.java:450)
at org.testng.SuiteRunner.privateRun(SuiteRunner.java:415)
at org.testng.SuiteRunner.run(SuiteRunner.java:364)
at org.testng.SuiteRunnerWorker.runSuite(SuiteRunnerWorker.java:52)
at org.testng.SuiteRunnerWorker.run(SuiteRunnerWorker.java:84)
at org.testng.TestNG.runSuitesSequentially(TestNG.java:1208)
at org.testng.TestNG.runSuitesLocally(TestNG.java:1137)
at org.testng.TestNG.runSuites(TestNG.java:1049)
at org.testng.TestNG.run(TestNG.java:1017)
at org.testng.remote.AbstractRemoteTestNG.run(AbstractRemoteTestNG.java:115)
at org.testng.remote.RemoteTestNG.initAndRun(RemoteTestNG.java:251)
at org.testng.remote.RemoteTestNG.main(RemoteTestNG.java:77)
]]>
    </failure>
  </testcase> <!-- @BeforeMethod setEnviroment -->
  <testcase name="@AfterMethod closeTheEnviroment" time="0.0" classname="Framework.TestNG.LoginTest">
    <skipped/>
  </testcase> <!-- @AfterMethod closeTheEnviroment -->
  <testcase name="@BeforeMethod setEnviroment" time="0.0" classname="Framework.TestNG.LoginTest">
    <skipped/>
  </testcase> <!-- @BeforeMethod setEnviroment -->
  <testcase name="@AfterMethod closeTheEnviroment" time="0.0" classname="Framework.TestNG.LoginTest">
    <skipped/>
  </testcase> <!-- @AfterMethod closeTheEnviroment -->
  <testcase name="@BeforeMethod setEnviroment" time="0.0" classname="Framework.TestNG.LoginTest">
    <skipped/>
  </testcase> <!-- @BeforeMethod setEnviroment -->
  <testcase name="@AfterMethod closeTheEnviroment" time="0.0" classname="Framework.TestNG.LoginTest">
    <skipped/>
  </testcase> <!-- @AfterMethod closeTheEnviroment -->
  <testcase name="@BeforeMethod setEnviroment" time="0.0" classname="Framework.TestNG.LoginTest">
    <skipped/>
  </testcase> <!-- @BeforeMethod setEnviroment -->
  <testcase name="@AfterMethod closeTheEnviroment" time="0.0" classname="Framework.TestNG.LoginTest">
    <skipped/>
  </testcase> <!-- @AfterMethod closeTheEnviroment -->
  <testcase name="@BeforeMethod setEnviroment" time="0.0" classname="Framework.TestNG.LoginTest">
    <skipped/>
  </testcase> <!-- @BeforeMethod setEnviroment -->
  <testcase name="@AfterMethod closeTheEnviroment" time="0.0" classname="Framework.TestNG.LoginTest">
    <skipped/>
  </testcase> <!-- @AfterMethod closeTheEnviroment -->
  <testcase name="@BeforeMethod setEnviroment" time="0.0" classname="Framework.TestNG.LoginTest">
    <skipped/>
  </testcase> <!-- @BeforeMethod setEnviroment -->
  <testcase name="@AfterMethod closeTheEnviroment" time="0.0" classname="Framework.TestNG.LoginTest">
    <skipped/>
  </testcase> <!-- @AfterMethod closeTheEnviroment -->
  <testcase name="@BeforeMethod setEnviroment" time="0.0" classname="Framework.TestNG.LoginTest">
    <skipped/>
  </testcase> <!-- @BeforeMethod setEnviroment -->
  <testcase name="@AfterMethod closeTheEnviroment" time="0.0" classname="Framework.TestNG.LoginTest">
    <skipped/>
  </testcase> <!-- @AfterMethod closeTheEnviroment -->
  <testcase name="testLogIn" time="3.969" classname="Framework.TestNG.LoginTest"/>
  <testcase name="testLogIn" time="3.72" classname="Framework.TestNG.LoginTest"/>
  <testcase name="testLogIn" time="4.074" classname="Framework.TestNG.LoginTest"/>
  <testcase name="testLogIn" time="3.571" classname="Framework.TestNG.LoginTest"/>
  <testcase name="testLogIn" time="3.666" classname="Framework.TestNG.LoginTest"/>
  <testcase name="testLogIn" time="0.0" classname="Framework.TestNG.LoginTest">
    <skipped/>
  </testcase> <!-- testLogIn -->
  <testcase name="testLogIn" time="0.0" classname="Framework.TestNG.LoginTest">
    <skipped/>
  </testcase> <!-- testLogIn -->
  <testcase name="testLogIn" time="0.0" classname="Framework.TestNG.LoginTest">
    <skipped/>
  </testcase> <!-- testLogIn -->
  <testcase name="testLogIn" time="0.0" classname="Framework.TestNG.LoginTest">
    <skipped/>
  </testcase> <!-- testLogIn -->
  <testcase name="testLogIn" time="0.0" classname="Framework.TestNG.LoginTest">
    <skipped/>
  </testcase> <!-- testLogIn -->
  <testcase name="testLogIn2" time="0.0" classname="Framework.TestNG.LoginTest">
    <skipped/>
  </testcase> <!-- testLogIn2 -->
  <testcase name="infinitFailure" time="0.0" classname="Framework.TestNG.LoginTest">
    <skipped/>
  </testcase> <!-- infinitFailure -->
</testsuite> <!-- Default test -->
